#
# There is insufficient memory for the Java Runtime Environment to continue.
# Native memory allocation (malloc) failed to allocate 146416 bytes for Chunk::new
# Possible reasons:
#   The system is out of physical RAM or swap space
#   The process is running with CompressedOops enabled, and the Java Heap may be blocking the growth of the native heap
# Possible solutions:
#   Reduce memory load on the system
#   Increase physical memory or swap space
#   Check if swap backing store is full
#   Decrease Java heap size (-Xmx/-Xms)
#   Decrease number of Java threads
#   Decrease Java thread stack sizes (-Xss)
#   Set larger code cache with -XX:ReservedCodeCacheSize=
#   JVM is running with Zero Based Compressed Oops mode in which the Java heap is
#     placed in the first 32GB address space. The Java Heap base address is the
#     maximum limit for the native heap growth. Please use -XX:HeapBaseMinAddress
#     to set the Java Heap base and to place the Java Heap above 32GB virtual address.
# This output file may be truncated or incomplete.
#
#  Out of Memory Error (arena.cpp:189), pid=20280, tid=928
#
# JRE version: Java(TM) SE Runtime Environment (17.0.2+8) (build 17.0.2+8-LTS-86)
# Java VM: Java HotSpot(TM) 64-Bit Server VM (17.0.2+8-LTS-86, mixed mode, sharing, tiered, compressed oops, compressed class ptrs, g1 gc, windows-amd64)
# No core dump will be written. Minidumps are not enabled by default on client versions of Windows
#

---------------  S U M M A R Y ------------

Command Line: -Dmaven.multiModuleProjectDirectory=D:\CodingProjects\Plugins\StaffControl -Dmaven.home=D:\Program Files\JetBrains\IntelliJ IDEA Community Edition 2021.3.3\plugins\maven\lib\maven3 -Dclassworlds.conf=D:\Program Files\JetBrains\IntelliJ IDEA Community Edition 2021.3.3\plugins\maven\lib\maven3\bin\m2.conf -Dmaven.ext.class.path=D:\Program Files\JetBrains\IntelliJ IDEA Community Edition 2021.3.3\plugins\maven\lib\maven-event-listener.jar -javaagent:D:\Program Files\JetBrains\IntelliJ IDEA Community Edition 2021.3.3\lib\idea_rt.jar=57246:D:\Program Files\JetBrains\IntelliJ IDEA Community Edition 2021.3.3\bin -Dfile.encoding=UTF-8 org.codehaus.classworlds.Launcher -Didea.version=2021.3.3 package

Host: Intel(R) Core(TM) i7-8700 CPU @ 3.20GHz, 12 cores, 15G,  Windows 10 , 64 bit Build 19041 (10.0.19041.1645)
Time: Sat Apr 16 21:31:44 2022 Jerusalem Daylight Time elapsed time: 0.135949 seconds (0d 0h 0m 0s)

---------------  T H R E A D  ---------------

Current thread (0x000001dfff72ffc0):  JavaThread "C2 CompilerThread0" daemon [_thread_in_native, id=928, stack(0x0000002664100000,0x0000002664200000)]


Current CompileTask:
C2:    135  126       4       java.util.HashMap::putVal (300 bytes)

Stack: [0x0000002664100000,0x0000002664200000]
Native frames: (J=compiled Java code, j=interpreted, Vv=VM code, C=native code)
V  [jvm.dll+0x670baa]
V  [jvm.dll+0x7cfcb4]
V  [jvm.dll+0x7d145e]
V  [jvm.dll+0x7d1ac3]
V  [jvm.dll+0x242bc5]
V  [jvm.dll+0xaa57b]
V  [jvm.dll+0xaab0c]
V  [jvm.dll+0x35fcb2]
V  [jvm.dll+0x32a331]
V  [jvm.dll+0x3297da]
V  [jvm.dll+0x215c91]
V  [jvm.dll+0x2150b1]
V  [jvm.dll+0x1a1bbd]
V  [jvm.dll+0x224908]
V  [jvm.dll+0x222a6c]
V  [jvm.dll+0x7859bb]
V  [jvm.dll+0x77ff7a]
V  [jvm.dll+0x66fa35]
C  [ucrtbase.dll+0x21bb2]
C  [KERNEL32.DLL+0x17034]
C  [ntdll.dll+0x52651]


---------------  P R O C E S S  ---------------

Threads class SMR info:
_java_thread_list=0x000001df97a047f0, length=14, elements={
0x000001dff352fec0, 0x000001dfff711dc0, 0x000001dfff712c30, 0x000001dfff725fe0,
0x000001dfff7299c0, 0x000001dfff72a370, 0x000001dfff72ad20, 0x000001dfff72ffc0,
0x000001dfff738e70, 0x000001dfff73b870, 0x000001dfff6fc3d0, 0x000001df979ebad0,
0x000001df979ebfa0, 0x000001df97a03ff0
}

Java Threads: ( => current thread )
  0x000001dff352fec0 JavaThread "main" [_thread_in_Java, id=10648, stack(0x0000002663400000,0x0000002663500000)]
  0x000001dfff711dc0 JavaThread "Reference Handler" daemon [_thread_blocked, id=18376, stack(0x0000002663b00000,0x0000002663c00000)]
  0x000001dfff712c30 JavaThread "Finalizer" daemon [_thread_blocked, id=20620, stack(0x0000002663c00000,0x0000002663d00000)]
  0x000001dfff725fe0 JavaThread "Signal Dispatcher" daemon [_thread_blocked, id=5188, stack(0x0000002663d00000,0x0000002663e00000)]
  0x000001dfff7299c0 JavaThread "Attach Listener" daemon [_thread_blocked, id=20460, stack(0x0000002663e00000,0x0000002663f00000)]
  0x000001dfff72a370 JavaThread "Service Thread" daemon [_thread_blocked, id=20604, stack(0x0000002663f00000,0x0000002664000000)]
  0x000001dfff72ad20 JavaThread "Monitor Deflation Thread" daemon [_thread_blocked, id=20052, stack(0x0000002664000000,0x0000002664100000)]
=>0x000001dfff72ffc0 JavaThread "C2 CompilerThread0" daemon [_thread_in_native, id=928, stack(0x0000002664100000,0x0000002664200000)]
  0x000001dfff738e70 JavaThread "C1 CompilerThread0" daemon [_thread_in_vm, id=17820, stack(0x0000002664200000,0x0000002664300000)]
  0x000001dfff73b870 JavaThread "Sweeper thread" daemon [_thread_blocked, id=15064, stack(0x0000002664300000,0x0000002664400000)]
  0x000001dfff6fc3d0 JavaThread "Common-Cleaner" daemon [_thread_blocked, id=9028, stack(0x0000002664400000,0x0000002664500000)]
  0x000001df979ebad0 JavaThread "Monitor Ctrl-Break" daemon [_thread_in_vm, id=19232, stack(0x0000002664500000,0x0000002664600000)]
  0x000001df979ebfa0 JavaThread "Notification Thread" daemon [_thread_blocked, id=16788, stack(0x0000002664600000,0x0000002664700000)]
  0x000001df97a03ff0 JavaThread "C2 CompilerThread1" daemon [_thread_in_native, id=20252, stack(0x0000002664800000,0x0000002664900000)]

Other Threads:
  0x000001dfff70d1c0 VMThread "VM Thread" [stack: 0x0000002663a00000,0x0000002663b00000] [id=14716]
  0x000001dff35aa330 WatcherThread [stack: 0x0000002664700000,0x0000002664800000] [id=16660]
  0x000001dff357f7b0 GCTaskThread "GC Thread#0" [stack: 0x0000002663500000,0x0000002663600000] [id=8736]
  0x000001dff3590480 ConcurrentGCThread "G1 Main Marker" [stack: 0x0000002663600000,0x0000002663700000] [id=2224]
  0x000001dff3591630 ConcurrentGCThread "G1 Conc#0" [stack: 0x0000002663700000,0x0000002663800000] [id=7056]
  0x000001dff360ec90 ConcurrentGCThread "G1 Refine#0" [stack: 0x0000002663800000,0x0000002663900000] [id=20140]
  0x000001dfff5c4c10 ConcurrentGCThread "G1 Service" [stack: 0x0000002663900000,0x0000002663a00000] [id=12004]

Threads with active compile tasks:
C2 CompilerThread0      160  126       4       java.util.HashMap::putVal (300 bytes)
C1 CompilerThread0      161  185       3       java.net.URI::match (56 bytes)
C2 CompilerThread1      161  200       4       java.lang.StringLatin1::indexOf (36 bytes)

VM state: not at safepoint (normal execution)

VM Mutex/Monitor currently owned by a thread:  ([mutex/lock_event])
[0x000001dff3528e90] Metaspace_lock - owner thread: 0x000001df979ebad0
[0x000001dff352b910] MethodData_lock - owner thread: 0x000001dfff738e70

Heap address: 0x0000000702600000, size: 4058 MB, Compressed Oops mode: Zero based, Oop shift amount: 3

CDS archive(s) mapped at: [0x0000000800000000-0x0000000800bc0000-0x0000000800bc0000), size 12320768, SharedBaseAddress: 0x0000000800000000, ArchiveRelocationMode: 0.
Compressed class space mapped at: 0x0000000800c00000-0x0000000840c00000, reserved size: 1073741824
Narrow klass base: 0x0000000800000000, Narrow klass shift: 0, Narrow klass range: 0x100000000

GC Precious Log:
 CPUs: 12 total, 12 available
 Memory: 16228M
 Large Page Support: Disabled
 NUMA Support: Disabled
 Compressed Oops: Enabled (Zero based)
 Heap Region Size: 2M
 Heap Min Capacity: 8M
 Heap Initial Capacity: 254M
 Heap Max Capacity: 4058M
 Pre-touch: Disabled
 Parallel Workers: 10
 Concurrent Workers: 3
 Concurrent Refinement Workers: 10
 Periodic GC: Disabled

Heap:
 garbage-first heap   total 260096K, used 2048K [0x0000000702600000, 0x0000000800000000)
  region size 2048K, 2 young (4096K), 0 survivors (0K)
 Metaspace       used 703K, committed 832K, reserved 1056768K
  class space    used 53K, committed 128K, reserved 1048576K

Heap Regions: E=young(eden), S=young(survivor), O=old, HS=humongous(starts), HC=humongous(continues), CS=collection set, F=free, OA=open archive, CA=closed archive, TAMS=top-at-mark-start (previous, next)
|   0|0x0000000702600000, 0x0000000702600000, 0x0000000702800000|  0%| F|  |TAMS 0x0000000702600000, 0x0000000702600000| Untracked 
|   1|0x0000000702800000, 0x0000000702800000, 0x0000000702a00000|  0%| F|  |TAMS 0x0000000702800000, 0x0000000702800000| Untracked 
|   2|0x0000000702a00000, 0x0000000702a00000, 0x0000000702c00000|  0%| F|  |TAMS 0x0000000702a00000, 0x0000000702a00000| Untracked 
|   3|0x0000000702c00000, 0x0000000702c00000, 0x0000000702e00000|  0%| F|  |TAMS 0x0000000702c00000, 0x0000000702c00000| Untracked 
|   4|0x0000000702e00000, 0x0000000702e00000, 0x0000000703000000|  0%| F|  |TAMS 0x0000000702e00000, 0x0000000702e00000| Untracked 
|   5|0x0000000703000000, 0x0000000703000000, 0x0000000703200000|  0%| F|  |TAMS 0x0000000703000000, 0x0000000703000000| Untracked 
|   6|0x0000000703200000, 0x0000000703200000, 0x0000000703400000|  0%| F|  |TAMS 0x0000000703200000, 0x0000000703200000| Untracked 
|   7|0x0000000703400000, 0x0000000703400000, 0x0000000703600000|  0%| F|  |TAMS 0x0000000703400000, 0x0000000703400000| Untracked 
|   8|0x0000000703600000, 0x0000000703600000, 0x0000000703800000|  0%| F|  |TAMS 0x0000000703600000, 0x0000000703600000| Untracked 
|   9|0x0000000703800000, 0x0000000703800000, 0x0000000703a00000|  0%| F|  |TAMS 0x0000000703800000, 0x0000000703800000| Untracked 
|  10|0x0000000703a00000, 0x0000000703a00000, 0x0000000703c00000|  0%| F|  |TAMS 0x0000000703a00000, 0x0000000703a00000| Untracked 
|  11|0x0000000703c00000, 0x0000000703c00000, 0x0000000703e00000|  0%| F|  |TAMS 0x0000000703c00000, 0x0000000703c00000| Untracked 
|  12|0x0000000703e00000, 0x0000000703e00000, 0x0000000704000000|  0%| F|  |TAMS 0x0000000703e00000, 0x0000000703e00000| Untracked 
|  13|0x0000000704000000, 0x0000000704000000, 0x0000000704200000|  0%| F|  |TAMS 0x0000000704000000, 0x0000000704000000| Untracked 
|  14|0x0000000704200000, 0x0000000704200000, 0x0000000704400000|  0%| F|  |TAMS 0x0000000704200000, 0x0000000704200000| Untracked 
|  15|0x0000000704400000, 0x0000000704400000, 0x0000000704600000|  0%| F|  |TAMS 0x0000000704400000, 0x0000000704400000| Untracked 
|  16|0x0000000704600000, 0x0000000704600000, 0x0000000704800000|  0%| F|  |TAMS 0x0000000704600000, 0x0000000704600000| Untracked 
|  17|0x0000000704800000, 0x0000000704800000, 0x0000000704a00000|  0%| F|  |TAMS 0x0000000704800000, 0x0000000704800000| Untracked 
|  18|0x0000000704a00000, 0x0000000704a00000, 0x0000000704c00000|  0%| F|  |TAMS 0x0000000704a00000, 0x0000000704a00000| Untracked 
|  19|0x0000000704c00000, 0x0000000704c00000, 0x0000000704e00000|  0%| F|  |TAMS 0x0000000704c00000, 0x0000000704c00000| Untracked 
|  20|0x0000000704e00000, 0x0000000704e00000, 0x0000000705000000|  0%| F|  |TAMS 0x0000000704e00000, 0x0000000704e00000| Untracked 
|  21|0x0000000705000000, 0x0000000705000000, 0x0000000705200000|  0%| F|  |TAMS 0x0000000705000000, 0x0000000705000000| Untracked 
|  22|0x0000000705200000, 0x0000000705200000, 0x0000000705400000|  0%| F|  |TAMS 0x0000000705200000, 0x0000000705200000| Untracked 
|  23|0x0000000705400000, 0x0000000705400000, 0x0000000705600000|  0%| F|  |TAMS 0x0000000705400000, 0x0000000705400000| Untracked 
|  24|0x0000000705600000, 0x0000000705600000, 0x0000000705800000|  0%| F|  |TAMS 0x0000000705600000, 0x0000000705600000| Untracked 
|  25|0x0000000705800000, 0x0000000705800000, 0x0000000705a00000|  0%| F|  |TAMS 0x0000000705800000, 0x0000000705800000| Untracked 
|  26|0x0000000705a00000, 0x0000000705a00000, 0x0000000705c00000|  0%| F|  |TAMS 0x0000000705a00000, 0x0000000705a00000| Untracked 
|  27|0x0000000705c00000, 0x0000000705c00000, 0x0000000705e00000|  0%| F|  |TAMS 0x0000000705c00000, 0x0000000705c00000| Untracked 
|  28|0x0000000705e00000, 0x0000000705e00000, 0x0000000706000000|  0%| F|  |TAMS 0x0000000705e00000, 0x0000000705e00000| Untracked 
|  29|0x0000000706000000, 0x0000000706000000, 0x0000000706200000|  0%| F|  |TAMS 0x0000000706000000, 0x0000000706000000| Untracked 
|  30|0x0000000706200000, 0x0000000706200000, 0x0000000706400000|  0%| F|  |TAMS 0x0000000706200000, 0x0000000706200000| Untracked 
|  31|0x0000000706400000, 0x0000000706400000, 0x0000000706600000|  0%| F|  |TAMS 0x0000000706400000, 0x0000000706400000| Untracked 
|  32|0x0000000706600000, 0x0000000706600000, 0x0000000706800000|  0%| F|  |TAMS 0x0000000706600000, 0x0000000706600000| Untracked 
|  33|0x0000000706800000, 0x0000000706800000, 0x0000000706a00000|  0%| F|  |TAMS 0x0000000706800000, 0x0000000706800000| Untracked 
|  34|0x0000000706a00000, 0x0000000706a00000, 0x0000000706c00000|  0%| F|  |TAMS 0x0000000706a00000, 0x0000000706a00000| Untracked 
|  35|0x0000000706c00000, 0x0000000706c00000, 0x0000000706e00000|  0%| F|  |TAMS 0x0000000706c00000, 0x0000000706c00000| Untracked 
|  36|0x0000000706e00000, 0x0000000706e00000, 0x0000000707000000|  0%| F|  |TAMS 0x0000000706e00000, 0x0000000706e00000| Untracked 
|  37|0x0000000707000000, 0x0000000707000000, 0x0000000707200000|  0%| F|  |TAMS 0x0000000707000000, 0x0000000707000000| Untracked 
|  38|0x0000000707200000, 0x0000000707200000, 0x0000000707400000|  0%| F|  |TAMS 0x0000000707200000, 0x0000000707200000| Untracked 
|  39|0x0000000707400000, 0x0000000707400000, 0x0000000707600000|  0%| F|  |TAMS 0x0000000707400000, 0x0000000707400000| Untracked 
|  40|0x0000000707600000, 0x0000000707600000, 0x0000000707800000|  0%| F|  |TAMS 0x0000000707600000, 0x0000000707600000| Untracked 
|  41|0x0000000707800000, 0x0000000707800000, 0x0000000707a00000|  0%| F|  |TAMS 0x0000000707800000, 0x0000000707800000| Untracked 
|  42|0x0000000707a00000, 0x0000000707a00000, 0x0000000707c00000|  0%| F|  |TAMS 0x0000000707a00000, 0x0000000707a00000| Untracked 
|  43|0x0000000707c00000, 0x0000000707c00000, 0x0000000707e00000|  0%| F|  |TAMS 0x0000000707c00000, 0x0000000707c00000| Untracked 
|  44|0x0000000707e00000, 0x0000000707e00000, 0x0000000708000000|  0%| F|  |TAMS 0x0000000707e00000, 0x0000000707e00000| Untracked 
|  45|0x0000000708000000, 0x0000000708000000, 0x0000000708200000|  0%| F|  |TAMS 0x0000000708000000, 0x0000000708000000| Untracked 
|  46|0x0000000708200000, 0x0000000708200000, 0x0000000708400000|  0%| F|  |TAMS 0x0000000708200000, 0x0000000708200000| Untracked 
|  47|0x0000000708400000, 0x0000000708400000, 0x0000000708600000|  0%| F|  |TAMS 0x0000000708400000, 0x0000000708400000| Untracked 
|  48|0x0000000708600000, 0x0000000708600000, 0x0000000708800000|  0%| F|  |TAMS 0x0000000708600000, 0x0000000708600000| Untracked 
|  49|0x0000000708800000, 0x0000000708800000, 0x0000000708a00000|  0%| F|  |TAMS 0x0000000708800000, 0x0000000708800000| Untracked 
|  50|0x0000000708a00000, 0x0000000708a00000, 0x0000000708c00000|  0%| F|  |TAMS 0x0000000708a00000, 0x0000000708a00000| Untracked 
|  51|0x0000000708c00000, 0x0000000708c00000, 0x0000000708e00000|  0%| F|  |TAMS 0x0000000708c00000, 0x0000000708c00000| Untracked 
|  52|0x0000000708e00000, 0x0000000708e00000, 0x0000000709000000|  0%| F|  |TAMS 0x0000000708e00000, 0x0000000708e00000| Untracked 
|  53|0x0000000709000000, 0x0000000709000000, 0x0000000709200000|  0%| F|  |TAMS 0x0000000709000000, 0x0000000709000000| Untracked 
|  54|0x0000000709200000, 0x0000000709200000, 0x0000000709400000|  0%| F|  |TAMS 0x0000000709200000, 0x0000000709200000| Untracked 
|  55|0x0000000709400000, 0x0000000709400000, 0x0000000709600000|  0%| F|  |TAMS 0x0000000709400000, 0x0000000709400000| Untracked 
|  56|0x0000000709600000, 0x0000000709600000, 0x0000000709800000|  0%| F|  |TAMS 0x0000000709600000, 0x0000000709600000| Untracked 
|  57|0x0000000709800000, 0x0000000709800000, 0x0000000709a00000|  0%| F|  |TAMS 0x0000000709800000, 0x0000000709800000| Untracked 
|  58|0x0000000709a00000, 0x0000000709a00000, 0x0000000709c00000|  0%| F|  |TAMS 0x0000000709a00000, 0x0000000709a00000| Untracked 
|  59|0x0000000709c00000, 0x0000000709c00000, 0x0000000709e00000|  0%| F|  |TAMS 0x0000000709c00000, 0x0000000709c00000| Untracked 
|  60|0x0000000709e00000, 0x0000000709e00000, 0x000000070a000000|  0%| F|  |TAMS 0x0000000709e00000, 0x0000000709e00000| Untracked 
|  61|0x000000070a000000, 0x000000070a000000, 0x000000070a200000|  0%| F|  |TAMS 0x000000070a000000, 0x000000070a000000| Untracked 
|  62|0x000000070a200000, 0x000000070a200000, 0x000000070a400000|  0%| F|  |TAMS 0x000000070a200000, 0x000000070a200000| Untracked 
|  63|0x000000070a400000, 0x000000070a400000, 0x000000070a600000|  0%| F|  |TAMS 0x000000070a400000, 0x000000070a400000| Untracked 
|  64|0x000000070a600000, 0x000000070a600000, 0x000000070a800000|  0%| F|  |TAMS 0x000000070a600000, 0x000000070a600000| Untracked 
|  65|0x000000070a800000, 0x000000070a800000, 0x000000070aa00000|  0%| F|  |TAMS 0x000000070a800000, 0x000000070a800000| Untracked 
|  66|0x000000070aa00000, 0x000000070aa00000, 0x000000070ac00000|  0%| F|  |TAMS 0x000000070aa00000, 0x000000070aa00000| Untracked 
|  67|0x000000070ac00000, 0x000000070ac00000, 0x000000070ae00000|  0%| F|  |TAMS 0x000000070ac00000, 0x000000070ac00000| Untracked 
|  68|0x000000070ae00000, 0x000000070ae00000, 0x000000070b000000|  0%| F|  |TAMS 0x000000070ae00000, 0x000000070ae00000| Untracked 
|  69|0x000000070b000000, 0x000000070b000000, 0x000000070b200000|  0%| F|  |TAMS 0x000000070b000000, 0x000000070b000000| Untracked 
|  70|0x000000070b200000, 0x000000070b200000, 0x000000070b400000|  0%| F|  |TAMS 0x000000070b200000, 0x000000070b200000| Untracked 
|  71|0x000000070b400000, 0x000000070b400000, 0x000000070b600000|  0%| F|  |TAMS 0x000000070b400000, 0x000000070b400000| Untracked 
|  72|0x000000070b600000, 0x000000070b600000, 0x000000070b800000|  0%| F|  |TAMS 0x000000070b600000, 0x000000070b600000| Untracked 
|  73|0x000000070b800000, 0x000000070b800000, 0x000000070ba00000|  0%| F|  |TAMS 0x000000070b800000, 0x000000070b800000| Untracked 
|  74|0x000000070ba00000, 0x000000070ba00000, 0x000000070bc00000|  0%| F|  |TAMS 0x000000070ba00000, 0x000000070ba00000| Untracked 
|  75|0x000000070bc00000, 0x000000070bc00000, 0x000000070be00000|  0%| F|  |TAMS 0x000000070bc00000, 0x000000070bc00000| Untracked 
|  76|0x000000070be00000, 0x000000070be00000, 0x000000070c000000|  0%| F|  |TAMS 0x000000070be00000, 0x000000070be00000| Untracked 
|  77|0x000000070c000000, 0x000000070c000000, 0x000000070c200000|  0%| F|  |TAMS 0x000000070c000000, 0x000000070c000000| Untracked 
|  78|0x000000070c200000, 0x000000070c200000, 0x000000070c400000|  0%| F|  |TAMS 0x000000070c200000, 0x000000070c200000| Untracked 
|  79|0x000000070c400000, 0x000000070c400000, 0x000000070c600000|  0%| F|  |TAMS 0x000000070c400000, 0x000000070c400000| Untracked 
|  80|0x000000070c600000, 0x000000070c600000, 0x000000070c800000|  0%| F|  |TAMS 0x000000070c600000, 0x000000070c600000| Untracked 
|  81|0x000000070c800000, 0x000000070c800000, 0x000000070ca00000|  0%| F|  |TAMS 0x000000070c800000, 0x000000070c800000| Untracked 
|  82|0x000000070ca00000, 0x000000070ca00000, 0x000000070cc00000|  0%| F|  |TAMS 0x000000070ca00000, 0x000000070ca00000| Untracked 
|  83|0x000000070cc00000, 0x000000070cc00000, 0x000000070ce00000|  0%| F|  |TAMS 0x000000070cc00000, 0x000000070cc00000| Untracked 
|  84|0x000000070ce00000, 0x000000070ce00000, 0x000000070d000000|  0%| F|  |TAMS 0x000000070ce00000, 0x000000070ce00000| Untracked 
|  85|0x000000070d000000, 0x000000070d000000, 0x000000070d200000|  0%| F|  |TAMS 0x000000070d000000, 0x000000070d000000| Untracked 
|  86|0x000000070d200000, 0x000000070d200000, 0x000000070d400000|  0%| F|  |TAMS 0x000000070d200000, 0x000000070d200000| Untracked 
|  87|0x000000070d400000, 0x000000070d400000, 0x000000070d600000|  0%| F|  |TAMS 0x000000070d400000, 0x000000070d400000| Untracked 
|  88|0x000000070d600000, 0x000000070d600000, 0x000000070d800000|  0%| F|  |TAMS 0x000000070d600000, 0x000000070d600000| Untracked 
|  89|0x000000070d800000, 0x000000070d800000, 0x000000070da00000|  0%| F|  |TAMS 0x000000070d800000, 0x000000070d800000| Untracked 
|  90|0x000000070da00000, 0x000000070da00000, 0x000000070dc00000|  0%| F|  |TAMS 0x000000070da00000, 0x000000070da00000| Untracked 
|  91|0x000000070dc00000, 0x000000070dc00000, 0x000000070de00000|  0%| F|  |TAMS 0x000000070dc00000, 0x000000070dc00000| Untracked 
|  92|0x000000070de00000, 0x000000070de00000, 0x000000070e000000|  0%| F|  |TAMS 0x000000070de00000, 0x000000070de00000| Untracked 
|  93|0x000000070e000000, 0x000000070e000000, 0x000000070e200000|  0%| F|  |TAMS 0x000000070e000000, 0x000000070e000000| Untracked 
|  94|0x000000070e200000, 0x000000070e200000, 0x000000070e400000|  0%| F|  |TAMS 0x000000070e200000, 0x000000070e200000| Untracked 
|  95|0x000000070e400000, 0x000000070e400000, 0x000000070e600000|  0%| F|  |TAMS 0x000000070e400000, 0x000000070e400000| Untracked 
|  96|0x000000070e600000, 0x000000070e600000, 0x000000070e800000|  0%| F|  |TAMS 0x000000070e600000, 0x000000070e600000| Untracked 
|  97|0x000000070e800000, 0x000000070e800000, 0x000000070ea00000|  0%| F|  |TAMS 0x000000070e800000, 0x000000070e800000| Untracked 
|  98|0x000000070ea00000, 0x000000070ea00000, 0x000000070ec00000|  0%| F|  |TAMS 0x000000070ea00000, 0x000000070ea00000| Untracked 
|  99|0x000000070ec00000, 0x000000070ec00000, 0x000000070ee00000|  0%| F|  |TAMS 0x000000070ec00000, 0x000000070ec00000| Untracked 
| 100|0x000000070ee00000, 0x000000070ee00000, 0x000000070f000000|  0%| F|  |TAMS 0x000000070ee00000, 0x000000070ee00000| Untracked 
| 101|0x000000070f000000, 0x000000070f000000, 0x000000070f200000|  0%| F|  |TAMS 0x000000070f000000, 0x000000070f000000| Untracked 
| 102|0x000000070f200000, 0x000000070f200000, 0x000000070f400000|  0%| F|  |TAMS 0x000000070f200000, 0x000000070f200000| Untracked 
| 103|0x000000070f400000, 0x000000070f400000, 0x000000070f600000|  0%| F|  |TAMS 0x000000070f400000, 0x000000070f400000| Untracked 
| 104|0x000000070f600000, 0x000000070f600000, 0x000000070f800000|  0%| F|  |TAMS 0x000000070f600000, 0x000000070f600000| Untracked 
| 105|0x000000070f800000, 0x000000070f800000, 0x000000070fa00000|  0%| F|  |TAMS 0x000000070f800000, 0x000000070f800000| Untracked 
| 106|0x000000070fa00000, 0x000000070fa00000, 0x000000070fc00000|  0%| F|  |TAMS 0x000000070fa00000, 0x000000070fa00000| Untracked 
| 107|0x000000070fc00000, 0x000000070fc00000, 0x000000070fe00000|  0%| F|  |TAMS 0x000000070fc00000, 0x000000070fc00000| Untracked 
| 108|0x000000070fe00000, 0x000000070fe00000, 0x0000000710000000|  0%| F|  |TAMS 0x000000070fe00000, 0x000000070fe00000| Untracked 
| 109|0x0000000710000000, 0x0000000710000000, 0x0000000710200000|  0%| F|  |TAMS 0x0000000710000000, 0x0000000710000000| Untracked 
| 110|0x0000000710200000, 0x0000000710200000, 0x0000000710400000|  0%| F|  |TAMS 0x0000000710200000, 0x0000000710200000| Untracked 
| 111|0x0000000710400000, 0x0000000710400000, 0x0000000710600000|  0%| F|  |TAMS 0x0000000710400000, 0x0000000710400000| Untracked 
| 112|0x0000000710600000, 0x0000000710600000, 0x0000000710800000|  0%| F|  |TAMS 0x0000000710600000, 0x0000000710600000| Untracked 
| 113|0x0000000710800000, 0x0000000710800000, 0x0000000710a00000|  0%| F|  |TAMS 0x0000000710800000, 0x0000000710800000| Untracked 
| 114|0x0000000710a00000, 0x0000000710a00000, 0x0000000710c00000|  0%| F|  |TAMS 0x0000000710a00000, 0x0000000710a00000| Untracked 
| 115|0x0000000710c00000, 0x0000000710c00000, 0x0000000710e00000|  0%| F|  |TAMS 0x0000000710c00000, 0x0000000710c00000| Untracked 
| 116|0x0000000710e00000, 0x0000000710e00000, 0x0000000711000000|  0%| F|  |TAMS 0x0000000710e00000, 0x0000000710e00000| Untracked 
| 117|0x0000000711000000, 0x0000000711000000, 0x0000000711200000|  0%| F|  |TAMS 0x0000000711000000, 0x0000000711000000| Untracked 
| 118|0x0000000711200000, 0x0000000711200000, 0x0000000711400000|  0%| F|  |TAMS 0x0000000711200000, 0x0000000711200000| Untracked 
| 119|0x0000000711400000, 0x0000000711400000, 0x0000000711600000|  0%| F|  |TAMS 0x0000000711400000, 0x0000000711400000| Untracked 
| 120|0x0000000711600000, 0x0000000711600000, 0x0000000711800000|  0%| F|  |TAMS 0x0000000711600000, 0x0000000711600000| Untracked 
| 121|0x0000000711800000, 0x0000000711800000, 0x0000000711a00000|  0%| F|  |TAMS 0x0000000711800000, 0x0000000711800000| Untracked 
| 122|0x0000000711a00000, 0x0000000711a00000, 0x0000000711c00000|  0%| F|  |TAMS 0x0000000711a00000, 0x0000000711a00000| Untracked 
| 123|0x0000000711c00000, 0x0000000711c00000, 0x0000000711e00000|  0%| F|  |TAMS 0x0000000711c00000, 0x0000000711c00000| Untracked 
| 124|0x0000000711e00000, 0x0000000711e00000, 0x0000000712000000|  0%| F|  |TAMS 0x0000000711e00000, 0x0000000711e00000| Untracked 
| 125|0x0000000712000000, 0x0000000712152778, 0x0000000712200000| 66%| E|  |TAMS 0x0000000712000000, 0x0000000712000000| Complete 
| 126|0x0000000712200000, 0x0000000712400000, 0x0000000712400000|100%| E|CS|TAMS 0x0000000712200000, 0x0000000712200000| Complete 

Card table byte_map: [0x000001dffbad0000,0x000001dffc2c0000] _byte_map_base: 0x000001dff82bd000

Marking Bits (Prev, Next): (CMBitMap*) 0x000001dff357fdc0, (CMBitMap*) 0x000001dff357fe00
 Prev Bits: [0x000001df8f000000, 0x000001df92f68000)
 Next Bits: [0x000001df92f70000, 0x000001df96ed8000)

Polling page: 0x000001dff2d10000

Metaspace:

Usage:
  Non-class:    649.84 KB used.
      Class:     53.69 KB used.
       Both:    703.52 KB used.

Virtual space:
  Non-class space:        8.00 MB reserved,     704.00 KB (  9%) committed,  1 nodes.
      Class space:        1.00 GB reserved,     128.00 KB ( <1%) committed,  1 nodes.
             Both:        1.01 GB reserved,     832.00 KB ( <1%) committed. 

Chunk freelists:
   Non-Class:  3.92 MB
       Class:  3.73 MB
        Both:  7.65 MB

MaxMetaspaceSize: unlimited
CompressedClassSpaceSize: 1.00 GB
Initial GC threshold: 21.00 MB
Current GC threshold: 21.00 MB
CDS: on
MetaspaceReclaimPolicy: balanced
 - commit_granule_bytes: 65536.
 - commit_granule_words: 8192.
 - virtual_space_node_default_size: 1048576.
 - enlarge_chunks_in_place: 1.
 - new_chunks_are_fully_committed: 0.
 - uncommit_free_chunks: 1.
 - use_allocation_guard: 0.
 - handle_deallocations: 1.


Internal statistics:

num_allocs_failed_limit: 0.
num_arena_births: 10.
num_arena_deaths: 0.
num_vsnodes_births: 2.
num_vsnodes_deaths: 0.
num_space_committed: 13.
num_space_uncommitted: 0.
num_chunks_returned_to_freelist: 0.
num_chunks_taken_from_freelist: 22.
num_chunk_merges: 0.
num_chunk_splits: 10.
num_chunks_enlarged: 6.
num_purges: 0.
num_inconsistent_stats: 0.

CodeHeap 'non-profiled nmethods': size=120000Kb used=58Kb max_used=58Kb free=119941Kb
 bounds [0x000001df87ad0000, 0x000001df87d40000, 0x000001df8f000000]
CodeHeap 'profiled nmethods': size=120000Kb used=201Kb max_used=201Kb free=119798Kb
 bounds [0x000001df805a0000, 0x000001df80810000, 0x000001df87ad0000]
CodeHeap 'non-nmethods': size=5760Kb used=1117Kb max_used=1132Kb free=4642Kb
 bounds [0x000001df80000000, 0x000001df80270000, 0x000001df805a0000]
 total_blobs=587 nmethods=188 adapters=312
 compilation: enabled
              stopped_count=0, restarted_count=0
 full_count=0

Compilation events (20 events):
Event: 0.131 Thread 0x000001dfff738e70  134       1       java.lang.module.ResolvedModule::configuration (5 bytes)
Event: 0.131 Thread 0x000001dfff738e70 nmethod 134 0x000001df87adaf90 code [0x000001df87adb120, 0x000001df87adb1f8]
Event: 0.131 Thread 0x000001dfff738e70  135       3       java.lang.module.ResolvedModule::name (11 bytes)
Event: 0.131 Thread 0x000001dfff738e70 nmethod 135 0x000001df805c1d10 code [0x000001df805c1ea0, 0x000001df805c2018]
Event: 0.131 Thread 0x000001dfff738e70  136       1       java.lang.module.ModuleDescriptor::isOpen (5 bytes)
Event: 0.131 Thread 0x000001dfff738e70 nmethod 136 0x000001df87adb290 code [0x000001df87adb420, 0x000001df87adb4f8]
Event: 0.131 Thread 0x000001dfff738e70  138       1       java.lang.module.ModuleDescriptor$Provides::service (5 bytes)
Event: 0.131 Thread 0x000001dfff738e70 nmethod 138 0x000001df87adb590 code [0x000001df87adb720, 0x000001df87adb7f8]
Event: 0.131 Thread 0x000001dfff738e70  137       1       java.util.HashMap::size (5 bytes)
Event: 0.131 Thread 0x000001dfff738e70 nmethod 137 0x000001df87adb890 code [0x000001df87adba20, 0x000001df87adbaf8]
Event: 0.133 Thread 0x000001dfff738e70  139       3       java.lang.StringLatin1::indexOfChar (33 bytes)
Event: 0.133 Thread 0x000001dfff738e70 nmethod 139 0x000001df805c2110 code [0x000001df805c22c0, 0x000001df805c24f8]
Event: 0.133 Thread 0x000001dfff738e70  140       3       java.lang.Class::getClassLoader (28 bytes)
Event: 0.134 Thread 0x000001dfff738e70 nmethod 140 0x000001df805c2610 code [0x000001df805c2860, 0x000001df805c32b8]
Event: 0.134 Thread 0x000001dfff738e70  141       3       java.lang.String::indexOf (29 bytes)
Event: 0.134 Thread 0x000001dfff738e70 nmethod 141 0x000001df805c3610 code [0x000001df805c37e0, 0x000001df805c3a98]
Event: 0.134 Thread 0x000001dfff738e70  143       3       java.util.concurrent.ConcurrentHashMap::get (162 bytes)
Event: 0.134 Thread 0x000001dfff738e70 nmethod 143 0x000001df805c3b90 code [0x000001df805c3de0, 0x000001df805c48e8]
Event: 0.134 Thread 0x000001dfff738e70  142       3       java.lang.StringLatin1::indexOf (36 bytes)
Event: 0.135 Thread 0x000001dfff738e70 nmethod 142 0x000001df805c4c10 code [0x000001df805c4de0, 0x000001df805c5218]

GC Heap History (0 events):
No events

Deoptimization events (0 events):
No events

Classes unloaded (0 events):
No events

Classes redefined (0 events):
No events

Internal exceptions (0 events):
No events

VM Operations (2 events):
Event: 0.125 Executing VM operation: HandshakeAllThreads
Event: 0.125 Executing VM operation: HandshakeAllThreads done

Events (20 events):
Event: 0.105 Thread 0x000001dfff725fe0 Thread added: 0x000001dfff725fe0
Event: 0.105 Thread 0x000001dfff7299c0 Thread added: 0x000001dfff7299c0
Event: 0.105 Thread 0x000001dfff72a370 Thread added: 0x000001dfff72a370
Event: 0.105 Thread 0x000001dfff72ad20 Thread added: 0x000001dfff72ad20
Event: 0.105 Thread 0x000001dfff72ffc0 Thread added: 0x000001dfff72ffc0
Event: 0.105 Thread 0x000001dfff738e70 Thread added: 0x000001dfff738e70
Event: 0.105 Thread 0x000001dfff73b870 Thread added: 0x000001dfff73b870
Event: 0.119 Thread 0x000001dfff6fc3d0 Thread added: 0x000001dfff6fc3d0
Event: 0.132 Loaded shared library C:\Program Files\Java\jdk-17.0.2\bin\zip.dll
Event: 0.133 loading class sun/instrument/InstrumentationImpl
Event: 0.133 loading class java/lang/instrument/Instrumentation
Event: 0.133 loading class java/lang/instrument/Instrumentation done
Event: 0.133 loading class sun/instrument/InstrumentationImpl done
Event: 0.133 Loaded shared library C:\Program Files\Java\jdk-17.0.2\bin\instrument.dll
Event: 0.134 loading class sun/instrument/TransformerManager
Event: 0.134 loading class sun/instrument/TransformerManager done
Event: 0.134 loading class sun/instrument/TransformerManager$TransformerInfo
Event: 0.134 loading class sun/instrument/TransformerManager$TransformerInfo done
Event: 0.135 loading class sun/nio/cs/UTF_8$Decoder
Event: 0.135 loading class sun/nio/cs/UTF_8$Decoder done


Dynamic libraries:
0x00007ff7e0f40000 - 0x00007ff7e0f50000 	C:\Program Files\Java\jdk-17.0.2\bin\java.exe
0x00007ffdd28b0000 - 0x00007ffdd2aa5000 	C:\Windows\SYSTEM32\ntdll.dll
0x00007ffdd1270000 - 0x00007ffdd132e000 	C:\Windows\System32\KERNEL32.DLL
0x00007ffdd0210000 - 0x00007ffdd04d8000 	C:\Windows\System32\KERNELBASE.dll
0x00007ffdcffd0000 - 0x00007ffdd00d0000 	C:\Windows\System32\ucrtbase.dll
0x00007ffdbdbc0000 - 0x00007ffdbdbda000 	C:\Program Files\Java\jdk-17.0.2\bin\VCRUNTIME140.dll
0x00007ffdbdfc0000 - 0x00007ffdbdfd8000 	C:\Program Files\Java\jdk-17.0.2\bin\jli.dll
0x00007ffdd0c20000 - 0x00007ffdd0cce000 	C:\Windows\System32\ADVAPI32.dll
0x00007ffdd09c0000 - 0x00007ffdd0a5e000 	C:\Windows\System32\msvcrt.dll
0x00007ffdd1610000 - 0x00007ffdd16ac000 	C:\Windows\System32\sechost.dll
0x00007ffdd2660000 - 0x00007ffdd2785000 	C:\Windows\System32\RPCRT4.dll
0x00007ffdd1330000 - 0x00007ffdd14d0000 	C:\Windows\System32\USER32.dll
0x00007ffdc3870000 - 0x00007ffdc3b0a000 	C:\Windows\WinSxS\amd64_microsoft.windows.common-controls_6595b64144ccf1df_6.0.19041.1110_none_60b5254171f9507e\COMCTL32.dll
0x00007ffdd04e0000 - 0x00007ffdd0502000 	C:\Windows\System32\win32u.dll
0x00007ffdd1090000 - 0x00007ffdd10ba000 	C:\Windows\System32\GDI32.dll
0x00007ffdd0800000 - 0x00007ffdd090b000 	C:\Windows\System32\gdi32full.dll
0x00007ffdd0590000 - 0x00007ffdd062d000 	C:\Windows\System32\msvcp_win.dll
0x00007ffdc80e0000 - 0x00007ffdc80ea000 	C:\Windows\SYSTEM32\VERSION.dll
0x00007ffdd2090000 - 0x00007ffdd20c0000 	C:\Windows\System32\IMM32.DLL
0x00007ffdbf1a0000 - 0x00007ffdbf1ac000 	C:\Program Files\Java\jdk-17.0.2\bin\vcruntime140_1.dll
0x00007ffdb04e0000 - 0x00007ffdb056d000 	C:\Program Files\Java\jdk-17.0.2\bin\msvcp140.dll
0x00007ffd8b350000 - 0x00007ffd8bf11000 	C:\Program Files\Java\jdk-17.0.2\bin\server\jvm.dll
0x00007ffdd16b0000 - 0x00007ffdd16b8000 	C:\Windows\System32\PSAPI.DLL
0x00007ffdc41a0000 - 0x00007ffdc41c7000 	C:\Windows\SYSTEM32\WINMM.dll
0x00007ffdca3f0000 - 0x00007ffdca3f9000 	C:\Windows\SYSTEM32\WSOCK32.dll
0x00007ffdd16c0000 - 0x00007ffdd172b000 	C:\Windows\System32\WS2_32.dll
0x00007ffdce860000 - 0x00007ffdce872000 	C:\Windows\SYSTEM32\kernel.appcore.dll
0x00007ffdbee50000 - 0x00007ffdbee5a000 	C:\Program Files\Java\jdk-17.0.2\bin\jimage.dll
0x00007ffdcd2c0000 - 0x00007ffdcd4a4000 	C:\Windows\SYSTEM32\DBGHELP.DLL
0x00007ffdbb4c0000 - 0x00007ffdbb4ec000 	C:\Windows\SYSTEM32\dbgcore.DLL
0x00007ffdd00d0000 - 0x00007ffdd0152000 	C:\Windows\System32\bcryptPrimitives.dll
0x00007ffdcb410000 - 0x00007ffdcb41e000 	C:\Program Files\Java\jdk-17.0.2\bin\instrument.dll
0x00007ffdbdb90000 - 0x00007ffdbdbb5000 	C:\Program Files\Java\jdk-17.0.2\bin\java.dll
0x00007ffd97fb0000 - 0x00007ffd98086000 	C:\Program Files\Java\jdk-17.0.2\bin\jsvml.dll
0x00007ffdd1730000 - 0x00007ffdd1e74000 	C:\Windows\System32\SHELL32.dll
0x00007ffdce0b0000 - 0x00007ffdce844000 	C:\Windows\SYSTEM32\windows.storage.dll
0x00007ffdd0cd0000 - 0x00007ffdd1024000 	C:\Windows\System32\combase.dll
0x00007ffdcf950000 - 0x00007ffdcf97c000 	C:\Windows\SYSTEM32\Wldp.dll
0x00007ffdd0910000 - 0x00007ffdd09bd000 	C:\Windows\System32\SHCORE.dll
0x00007ffdd1030000 - 0x00007ffdd1085000 	C:\Windows\System32\shlwapi.dll
0x00007ffdcff10000 - 0x00007ffdcff2f000 	C:\Windows\SYSTEM32\profapi.dll
0x00007ffdba5c0000 - 0x00007ffdba5d8000 	C:\Program Files\Java\jdk-17.0.2\bin\zip.dll
0x00007ffdbdb70000 - 0x00007ffdbdb89000 	C:\Program Files\Java\jdk-17.0.2\bin\net.dll
0x00007ffdc6630000 - 0x00007ffdc673a000 	C:\Windows\SYSTEM32\WINHTTP.dll
0x00007ffdcf670000 - 0x00007ffdcf6da000 	C:\Windows\system32\mswsock.dll
0x00007ffdbdb50000 - 0x00007ffdbdb66000 	C:\Program Files\Java\jdk-17.0.2\bin\nio.dll
0x00007ffdc9e90000 - 0x00007ffdc9eaa000 	D:\Program Files\JetBrains\IntelliJ IDEA Community Edition 2021.3.3\bin\breakgen64.dll

dbghelp: loaded successfully - version: 4.0.5 - missing functions: none
symbol engine: initialized successfully - sym options: 0x614 - pdb path: .;C:\Program Files\Java\jdk-17.0.2\bin;C:\Windows\SYSTEM32;C:\Windows\WinSxS\amd64_microsoft.windows.common-controls_6595b64144ccf1df_6.0.19041.1110_none_60b5254171f9507e;C:\Program Files\Java\jdk-17.0.2\bin\server;D:\Program Files\JetBrains\IntelliJ IDEA Community Edition 2021.3.3\bin

VM Arguments:
jvm_args: -Dmaven.multiModuleProjectDirectory=D:\CodingProjects\Plugins\StaffControl -Dmaven.home=D:\Program Files\JetBrains\IntelliJ IDEA Community Edition 2021.3.3\plugins\maven\lib\maven3 -Dclassworlds.conf=D:\Program Files\JetBrains\IntelliJ IDEA Community Edition 2021.3.3\plugins\maven\lib\maven3\bin\m2.conf -Dmaven.ext.class.path=D:\Program Files\JetBrains\IntelliJ IDEA Community Edition 2021.3.3\plugins\maven\lib\maven-event-listener.jar -javaagent:D:\Program Files\JetBrains\IntelliJ IDEA Community Edition 2021.3.3\lib\idea_rt.jar=57246:D:\Program Files\JetBrains\IntelliJ IDEA Community Edition 2021.3.3\bin -Dfile.encoding=UTF-8 
java_command: org.codehaus.classworlds.Launcher -Didea.version=2021.3.3 package
java_class_path (initial): D:\Program Files\JetBrains\IntelliJ IDEA Community Edition 2021.3.3\plugins\maven\lib\maven3\boot\plexus-classworlds-2.6.0.jar;D:\Program Files\JetBrains\IntelliJ IDEA Community Edition 2021.3.3\plugins\maven\lib\maven3\boot\plexus-classworlds.license
Launcher Type: SUN_STANDARD

[Global flags]
     intx CICompilerCount                          = 4                                         {product} {ergonomic}
     uint ConcGCThreads                            = 3                                         {product} {ergonomic}
     uint G1ConcRefinementThreads                  = 10                                        {product} {ergonomic}
   size_t G1HeapRegionSize                         = 2097152                                   {product} {ergonomic}
    uintx GCDrainStackTargetSize                   = 64                                        {product} {ergonomic}
   size_t InitialHeapSize                          = 266338304                                 {product} {ergonomic}
   size_t MarkStackSize                            = 4194304                                   {product} {ergonomic}
   size_t MaxHeapSize                              = 4255121408                                {product} {ergonomic}
   size_t MaxNewSize                               = 2552233984                                {product} {ergonomic}
   size_t MinHeapDeltaBytes                        = 2097152                                   {product} {ergonomic}
   size_t MinHeapSize                              = 8388608                                   {product} {ergonomic}
    uintx NonNMethodCodeHeapSize                   = 5839372                                {pd product} {ergonomic}
    uintx NonProfiledCodeHeapSize                  = 122909434                              {pd product} {ergonomic}
    uintx ProfiledCodeHeapSize                     = 122909434                              {pd product} {ergonomic}
    uintx ReservedCodeCacheSize                    = 251658240                              {pd product} {ergonomic}
     bool SegmentedCodeCache                       = true                                      {product} {ergonomic}
   size_t SoftMaxHeapSize                          = 4255121408                             {manageable} {ergonomic}
     bool UseCompressedClassPointers               = true                           {product lp64_product} {ergonomic}
     bool UseCompressedOops                        = true                           {product lp64_product} {ergonomic}
     bool UseG1GC                                  = true                                      {product} {ergonomic}
     bool UseLargePagesIndividualAllocation        = false                                  {pd product} {ergonomic}

Logging:
Log output configuration:
 #0: stdout all=warning uptime,level,tags
 #1: stderr all=off uptime,level,tags

Environment Variables:
PATH=C:\Program Files\Common Files\Oracle\Java\javapath;C:\Program Files (x86)\Common Files\Oracle\Java\javapath;C:\Program Files (x86)\Razer Chroma SDK\bin;C:\Program Files\Razer Chroma SDK\bin;C:\Windows\system32;C:\Windows;C:\Windows\System32\Wbem;C:\Windows\System32\WindowsPowerShell\v1.0\;C:\Windows\System32\OpenSSH\;C:\Program Files (x86)\NVIDIA Corporation\PhysX\Common;C:\Program Files\NVIDIA Corporation\NVIDIA NvDLISR;C:\Users\Shalev\AppData\Local\Programs\Python\Python39\Scripts\;C:\Users\Shalev\AppData\Local\Programs\Python\Python39\;C:\Users\Shalev\AppData\Local\Microsoft\WindowsApps;D:\Users\Shalev\AppData\Local\Programs\Microsoft VS Code\bin;C:\Windows\system32\config\systemprofile\.dnx\bin;C:\Program Files\Microsoft DNX\Dnvm\;C:\Program Files\Microsoft SQL Server\130\Tools\Binn\;D:\Program Files\Git\cmd;C:\Program Files\Microsoft SQL Server\150\Tools\Binn\;D:\Program Files\PuTTY\;C:\ProgramData\chocolatey\bin;C:\Users\Shalev\AppData\Local\Programs\Python\Python39\Scripts\;C:\Users\Shalev\AppData\Local\Programs\Python\Python39\;C:\Users\Shalev\AppData\Local\Microsoft\WindowsApps;D:\Program Files\Microsoft VS Code\bin;C:\Users\Shalev\.dotnet\tools;D:\Program Files\heroku\bin;D:\Program Files\JetBrains\IntelliJ IDEA 2021.3.2\bin;;D:\Program Files\JetBrains\IntelliJ IDEA Community Edition 2021.3.3\bin;
USERNAME=Shalev
OS=Windows_NT
PROCESSOR_IDENTIFIER=Intel64 Family 6 Model 158 Stepping 10, GenuineIntel



---------------  S Y S T E M  ---------------

OS:
 Windows 10 , 64 bit Build 19041 (10.0.19041.1645)
OS uptime: 0 days 7:20 hours
Hyper-V role detected

CPU: total 12 (initial active 12) (6 cores per cpu, 2 threads per core) family 6 model 158 stepping 10 microcode 0xb4, cx8, cmov, fxsr, ht, mmx, 3dnowpref, sse, sse2, sse3, ssse3, sse4.1, sse4.2, popcnt, lzcnt, tsc, tscinvbit, avx, avx2, aes, erms, clmul, bmi1, bmi2, rtm, adx, fma, vzeroupper, clflush, clflushopt, hv

Memory: 4k page, system-wide physical 16228M (4029M free)
TotalPageFile size 37474M (AvailPageFile size 3M)
current process WorkingSet (physical memory assigned to process): 34M, peak: 34M
current process commit charge ("private bytes"): 346M, peak: 346M

vm_info: Java HotSpot(TM) 64-Bit Server VM (17.0.2+8-LTS-86) for windows-amd64 JRE (17.0.2+8-LTS-86), built on Dec  7 2021 21:51:03 by "mach5one" with MS VC++ 16.8 / 16.9 (VS2019)

END.
