#
# There is insufficient memory for the Java Runtime Environment to continue.
# Native memory allocation (mmap) failed to map 266338304 bytes for G1 virtual space
# Possible reasons:
#   The system is out of physical RAM or swap space
#   The process is running with CompressedOops enabled, and the Java Heap may be blocking the growth of the native heap
# Possible solutions:
#   Reduce memory load on the system
#   Increase physical memory or swap space
#   Check if swap backing store is full
#   Decrease Java heap size (-Xmx/-Xms)
#   Decrease number of Java threads
#   Decrease Java thread stack sizes (-Xss)
#   Set larger code cache with -XX:ReservedCodeCacheSize=
#   JVM is running with Zero Based Compressed Oops mode in which the Java heap is
#     placed in the first 32GB address space. The Java Heap base address is the
#     maximum limit for the native heap growth. Please use -XX:HeapBaseMinAddress
#     to set the Java Heap base and to place the Java Heap above 32GB virtual address.
# This output file may be truncated or incomplete.
#
#  Out of Memory Error (os_windows.cpp:3532), pid=13100, tid=3920
#
# JRE version:  (17.0.2+8) (build )
# Java VM: Java HotSpot(TM) 64-Bit Server VM (17.0.2+8-LTS-86, mixed mode, sharing, tiered, compressed oops, compressed class ptrs, g1 gc, windows-amd64)
# No core dump will be written. Minidumps are not enabled by default on client versions of Windows
#

---------------  S U M M A R Y ------------

Command Line: -Dmaven.multiModuleProjectDirectory=D:\CodingProjects\Plugins\StaffControl -Dmaven.home=D:\Program Files\JetBrains\IntelliJ IDEA Community Edition 2021.3.3\plugins\maven\lib\maven3 -Dclassworlds.conf=D:\Program Files\JetBrains\IntelliJ IDEA Community Edition 2021.3.3\plugins\maven\lib\maven3\bin\m2.conf -Dmaven.ext.class.path=D:\Program Files\JetBrains\IntelliJ IDEA Community Edition 2021.3.3\plugins\maven\lib\maven-event-listener.jar -javaagent:D:\Program Files\JetBrains\IntelliJ IDEA Community Edition 2021.3.3\lib\idea_rt.jar=52989:D:\Program Files\JetBrains\IntelliJ IDEA Community Edition 2021.3.3\bin -Dfile.encoding=UTF-8 org.codehaus.classworlds.Launcher -Didea.version=2021.3.3 package

Host: Intel(R) Core(TM) i7-8700 CPU @ 3.20GHz, 12 cores, 15G,  Windows 10 , 64 bit Build 19041 (10.0.19041.1566)
Time: Tue Apr 12 16:32:37 2022 Jerusalem Daylight Time elapsed time: 0.008935 seconds (0d 0h 0m 0s)

---------------  T H R E A D  ---------------

Current thread (0x0000018e2df6f680):  JavaThread "Unknown thread" [_thread_in_vm, id=3920, stack(0x0000000fd8500000,0x0000000fd8600000)]

Stack: [0x0000000fd8500000,0x0000000fd8600000]
Native frames: (J=compiled Java code, j=interpreted, Vv=VM code, C=native code)
V  [jvm.dll+0x670baa]
V  [jvm.dll+0x7cfcb4]
V  [jvm.dll+0x7d145e]
V  [jvm.dll+0x7d1ac3]
V  [jvm.dll+0x242bc5]
V  [jvm.dll+0x66dac9]
V  [jvm.dll+0x662412]
V  [jvm.dll+0x300c0b]
V  [jvm.dll+0x3081a6]
V  [jvm.dll+0x357d0e]
V  [jvm.dll+0x357f3f]
V  [jvm.dll+0x2d7ec8]
V  [jvm.dll+0x2d8e34]
V  [jvm.dll+0x7a18c1]
V  [jvm.dll+0x365a91]
V  [jvm.dll+0x780d2c]
V  [jvm.dll+0x3e845f]
V  [jvm.dll+0x3e9f01]
C  [jli.dll+0x527b]
C  [ucrtbase.dll+0x21bb2]
C  [KERNEL32.DLL+0x17034]
C  [ntdll.dll+0x52651]


---------------  P R O C E S S  ---------------

Threads class SMR info:
_java_thread_list=0x00007ff9cb0c9858, length=0, elements={
}

Java Threads: ( => current thread )

Other Threads:
  0x0000018e2dfbe220 GCTaskThread "GC Thread#0" [stack: 0x0000000fd8600000,0x0000000fd8700000] [id=2256]
  0x0000018e2dfcfe10 ConcurrentGCThread "G1 Main Marker" [stack: 0x0000000fd8700000,0x0000000fd8800000] [id=22808]
  0x0000018e2dfd1ee0 ConcurrentGCThread "G1 Conc#0" [stack: 0x0000000fd8800000,0x0000000fd8900000] [id=23308]

[error occurred during error reporting (printing all threads), id 0xc0000005, EXCEPTION_ACCESS_VIOLATION (0xc0000005) at pc=0x00007ff9ca9188a7]

VM state: not at safepoint (not fully initialized)

VM Mutex/Monitor currently owned by a thread:  ([mutex/lock_event])
[0x0000018e2df698c0] Heap_lock - owner thread: 0x0000018e2df6f680

Heap address: 0x0000000702600000, size: 4058 MB, Compressed Oops mode: Zero based, Oop shift amount: 3

CDS archive(s) mapped at: [0x0000000000000000-0x0000000000000000-0x0000000000000000), size 0, SharedBaseAddress: 0x0000000800000000, ArchiveRelocationMode: 0.
Narrow klass base: 0x0000000000000000, Narrow klass shift: 0, Narrow klass range: 0x0

GC Precious Log:
<Empty>

Heap:
 garbage-first heap   total 0K, used 0K [0x0000000702600000, 0x0000000800000000)
  region size 2048K, 0 young (0K), 0 survivors (0K)

[error occurred during error reporting (printing heap information), id 0xc0000005, EXCEPTION_ACCESS_VIOLATION (0xc0000005) at pc=0x00007ff9cacf9f19]

GC Heap History (0 events):
No events

Deoptimization events (0 events):
No events

Classes unloaded (0 events):
No events

Classes redefined (0 events):
No events

Internal exceptions (0 events):
No events

VM Operations (0 events):
No events

Events (1 events):
Event: 0.006 Loaded shared library C:\Program Files\Java\jdk-17.0.2\bin\java.dll


Dynamic libraries:
0x00007ff638ac0000 - 0x00007ff638ad0000 	C:\Program Files\Java\jdk-17.0.2\bin\java.exe
0x00007ffa4e2f0000 - 0x00007ffa4e4e5000 	C:\Windows\SYSTEM32\ntdll.dll
0x00007ffa4c660000 - 0x00007ffa4c71e000 	C:\Windows\System32\KERNEL32.DLL
0x00007ffa4ba10000 - 0x00007ffa4bcd8000 	C:\Windows\System32\KERNELBASE.dll
0x00007ffa4c040000 - 0x00007ffa4c140000 	C:\Windows\System32\ucrtbase.dll
0x00007ffa12ea0000 - 0x00007ffa12eba000 	C:\Program Files\Java\jdk-17.0.2\bin\VCRUNTIME140.dll
0x00007ffa12ec0000 - 0x00007ffa12ed8000 	C:\Program Files\Java\jdk-17.0.2\bin\jli.dll
0x00007ffa4df00000 - 0x00007ffa4dfae000 	C:\Windows\System32\ADVAPI32.dll
0x00007ffa4d900000 - 0x00007ffa4d99e000 	C:\Windows\System32\msvcrt.dll
0x00007ffa4e210000 - 0x00007ffa4e2ac000 	C:\Windows\System32\sechost.dll
0x00007ffa4e060000 - 0x00007ffa4e185000 	C:\Windows\System32\RPCRT4.dll
0x00007ffa4c350000 - 0x00007ffa4c4f0000 	C:\Windows\System32\USER32.dll
0x00007ffa4bf50000 - 0x00007ffa4bf72000 	C:\Windows\System32\win32u.dll
0x00007ffa3a740000 - 0x00007ffa3a9da000 	C:\Windows\WinSxS\amd64_microsoft.windows.common-controls_6595b64144ccf1df_6.0.19041.1110_none_60b5254171f9507e\COMCTL32.dll
0x00007ffa4cfc0000 - 0x00007ffa4cfeb000 	C:\Windows\System32\GDI32.dll
0x00007ffa4be40000 - 0x00007ffa4bf4b000 	C:\Windows\System32\gdi32full.dll
0x00007ffa4bce0000 - 0x00007ffa4bd7d000 	C:\Windows\System32\msvcp_win.dll
0x00007ffa445c0000 - 0x00007ffa445ca000 	C:\Windows\SYSTEM32\VERSION.dll
0x00007ffa4c860000 - 0x00007ffa4c890000 	C:\Windows\System32\IMM32.DLL
0x00007ffa2db80000 - 0x00007ffa2db8c000 	C:\Program Files\Java\jdk-17.0.2\bin\vcruntime140_1.dll
0x00007ffa0fe50000 - 0x00007ffa0fedd000 	C:\Program Files\Java\jdk-17.0.2\bin\msvcp140.dll
0x00007ff9ca630000 - 0x00007ff9cb1f1000 	C:\Program Files\Java\jdk-17.0.2\bin\server\jvm.dll
0x00007ffa4e200000 - 0x00007ffa4e208000 	C:\Windows\System32\PSAPI.DLL
0x00007ffa32ca0000 - 0x00007ffa32ca9000 	C:\Windows\SYSTEM32\WSOCK32.dll
0x00007ffa3be30000 - 0x00007ffa3be57000 	C:\Windows\SYSTEM32\WINMM.dll
0x00007ffa4e190000 - 0x00007ffa4e1fb000 	C:\Windows\System32\WS2_32.dll
0x00007ffa4a290000 - 0x00007ffa4a2a2000 	C:\Windows\SYSTEM32\kernel.appcore.dll
0x00007ffa2d790000 - 0x00007ffa2d79a000 	C:\Program Files\Java\jdk-17.0.2\bin\jimage.dll
0x00007ffa3a9e0000 - 0x00007ffa3abc4000 	C:\Windows\SYSTEM32\DBGHELP.DLL
0x00007ffa31990000 - 0x00007ffa319bc000 	C:\Windows\SYSTEM32\dbgcore.DLL
0x00007ffa4bdb0000 - 0x00007ffa4be32000 	C:\Windows\System32\bcryptPrimitives.dll
0x00007ffa473a0000 - 0x00007ffa473ae000 	C:\Program Files\Java\jdk-17.0.2\bin\instrument.dll
0x00007ffa10cc0000 - 0x00007ffa10ce5000 	C:\Program Files\Java\jdk-17.0.2\bin\java.dll

dbghelp: loaded successfully - version: 4.0.5 - missing functions: none
symbol engine: initialized successfully - sym options: 0x614 - pdb path: .;C:\Program Files\Java\jdk-17.0.2\bin;C:\Windows\SYSTEM32;C:\Windows\WinSxS\amd64_microsoft.windows.common-controls_6595b64144ccf1df_6.0.19041.1110_none_60b5254171f9507e;C:\Program Files\Java\jdk-17.0.2\bin\server

VM Arguments:
jvm_args: -Dmaven.multiModuleProjectDirectory=D:\CodingProjects\Plugins\StaffControl -Dmaven.home=D:\Program Files\JetBrains\IntelliJ IDEA Community Edition 2021.3.3\plugins\maven\lib\maven3 -Dclassworlds.conf=D:\Program Files\JetBrains\IntelliJ IDEA Community Edition 2021.3.3\plugins\maven\lib\maven3\bin\m2.conf -Dmaven.ext.class.path=D:\Program Files\JetBrains\IntelliJ IDEA Community Edition 2021.3.3\plugins\maven\lib\maven-event-listener.jar -javaagent:D:\Program Files\JetBrains\IntelliJ IDEA Community Edition 2021.3.3\lib\idea_rt.jar=52989:D:\Program Files\JetBrains\IntelliJ IDEA Community Edition 2021.3.3\bin -Dfile.encoding=UTF-8 
java_command: org.codehaus.classworlds.Launcher -Didea.version=2021.3.3 package
java_class_path (initial): D:\Program Files\JetBrains\IntelliJ IDEA Community Edition 2021.3.3\plugins\maven\lib\maven3\boot\plexus-classworlds-2.6.0.jar;D:\Program Files\JetBrains\IntelliJ IDEA Community Edition 2021.3.3\plugins\maven\lib\maven3\boot\plexus-classworlds.license
Launcher Type: SUN_STANDARD

[Global flags]
     intx CICompilerCount                          = 4                                         {product} {ergonomic}
     uint ConcGCThreads                            = 3                                         {product} {ergonomic}
     uint G1ConcRefinementThreads                  = 10                                        {product} {ergonomic}
   size_t G1HeapRegionSize                         = 2097152                                   {product} {ergonomic}
    uintx GCDrainStackTargetSize                   = 64                                        {product} {ergonomic}
   size_t InitialHeapSize                          = 266338304                                 {product} {ergonomic}
   size_t MarkStackSize                            = 4194304                                   {product} {ergonomic}
   size_t MaxHeapSize                              = 4255121408                                {product} {ergonomic}
   size_t MinHeapDeltaBytes                        = 2097152                                   {product} {ergonomic}
   size_t MinHeapSize                              = 8388608                                   {product} {ergonomic}
    uintx NonNMethodCodeHeapSize                   = 5839372                                {pd product} {ergonomic}
    uintx NonProfiledCodeHeapSize                  = 122909434                              {pd product} {ergonomic}
    uintx ProfiledCodeHeapSize                     = 122909434                              {pd product} {ergonomic}
    uintx ReservedCodeCacheSize                    = 251658240                              {pd product} {ergonomic}
     bool SegmentedCodeCache                       = true                                      {product} {ergonomic}
   size_t SoftMaxHeapSize                          = 4255121408                             {manageable} {ergonomic}
     bool UseCompressedClassPointers               = true                           {product lp64_product} {ergonomic}
     bool UseCompressedOops                        = true                           {product lp64_product} {ergonomic}
     bool UseG1GC                                  = true                                      {product} {ergonomic}
     bool UseLargePagesIndividualAllocation        = false                                  {pd product} {ergonomic}

Logging:
Log output configuration:
 #0: stdout all=warning uptime,level,tags
 #1: stderr all=off uptime,level,tags

Environment Variables:
PATH=C:\Program Files\Common Files\Oracle\Java\javapath;C:\Program Files (x86)\Common Files\Oracle\Java\javapath;C:\Program Files (x86)\Razer Chroma SDK\bin;C:\Program Files\Razer Chroma SDK\bin;C:\Windows\system32;C:\Windows;C:\Windows\System32\Wbem;C:\Windows\System32\WindowsPowerShell\v1.0\;C:\Windows\System32\OpenSSH\;C:\Program Files (x86)\NVIDIA Corporation\PhysX\Common;C:\Program Files\NVIDIA Corporation\NVIDIA NvDLISR;C:\Users\Shalev\AppData\Local\Programs\Python\Python39\Scripts\;C:\Users\Shalev\AppData\Local\Programs\Python\Python39\;C:\Users\Shalev\AppData\Local\Microsoft\WindowsApps;D:\Users\Shalev\AppData\Local\Programs\Microsoft VS Code\bin;C:\Windows\system32\config\systemprofile\.dnx\bin;C:\Program Files\Microsoft DNX\Dnvm\;C:\Program Files\Microsoft SQL Server\130\Tools\Binn\;D:\Program Files\Git\cmd;C:\Program Files\Microsoft SQL Server\150\Tools\Binn\;D:\Program Files\PuTTY\;C:\ProgramData\chocolatey\bin;C:\Users\Shalev\AppData\Local\Programs\Python\Python39\Scripts\;C:\Users\Shalev\AppData\Local\Programs\Python\Python39\;C:\Users\Shalev\AppData\Local\Microsoft\WindowsApps;D:\Program Files\Microsoft VS Code\bin;C:\Users\Shalev\.dotnet\tools;D:\Program Files\heroku\bin;D:\Program Files\JetBrains\IntelliJ IDEA 2021.3.2\bin;;D:\Program Files\JetBrains\IntelliJ IDEA Community Edition 2021.3.3\bin;
USERNAME=Shalev
OS=Windows_NT
PROCESSOR_IDENTIFIER=Intel64 Family 6 Model 158 Stepping 10, GenuineIntel



---------------  S Y S T E M  ---------------

OS:
 Windows 10 , 64 bit Build 19041 (10.0.19041.1566)
OS uptime: 1 days 0:27 hours
Hyper-V role detected

CPU: total 12 (initial active 12) (6 cores per cpu, 2 threads per core) family 6 model 158 stepping 10 microcode 0xb4, cx8, cmov, fxsr, ht, mmx, 3dnowpref, sse, sse2, sse3, ssse3, sse4.1, sse4.2, popcnt, lzcnt, tsc, tscinvbit, avx, avx2, aes, erms, clmul, bmi1, bmi2, rtm, adx, fma, vzeroupper, clflush, clflushopt, hv

Memory: 4k page, system-wide physical 16228M (2316M free)
TotalPageFile size 37474M (AvailPageFile size 105M)
current process WorkingSet (physical memory assigned to process): 10M, peak: 10M
current process commit charge ("private bytes"): 64M, peak: 318M

vm_info: Java HotSpot(TM) 64-Bit Server VM (17.0.2+8-LTS-86) for windows-amd64 JRE (17.0.2+8-LTS-86), built on Dec  7 2021 21:51:03 by "mach5one" with MS VC++ 16.8 / 16.9 (VS2019)

END.
